{"/Users/Eduardo_Neto/training/node/nodejs-training/src/entities/group/group.controller.ts": {"path":"/Users/Eduardo_Neto/training/node/nodejs-training/src/entities/group/group.controller.ts","statementMap":{"0":{"start":{"line":1,"column":0},"end":{"line":1,"column":66}},"1":{"start":{"line":2,"column":0},"end":{"line":2,"column":48}},"2":{"start":{"line":3,"column":0},"end":{"line":3,"column":57}},"3":{"start":{"line":4,"column":0},"end":{"line":4,"column":37}},"4":{"start":{"line":7,"column":0},"end":{"line":7,"column":59}},"5":{"start":{"line":8,"column":0},"end":{"line":8,"column":77}},"6":{"start":{"line":9,"column":0},"end":{"line":9,"column":79}},"7":{"start":{"line":10,"column":0},"end":{"line":10,"column":62}},"8":{"start":{"line":14,"column":0},"end":{"line":14,"column":44}},"9":{"start":{"line":17,"column":11},"end":{"line":17,"column":28}},"10":{"start":{"line":18,"column":11},"end":{"line":18,"column":29}},"11":{"start":{"line":20,"column":12},"end":{"line":20,"column":42}},"12":{"start":{"line":41,"column":4},"end":{"line":50,"column":6}},"13":{"start":{"line":42,"column":23},"end":{"line":42,"column":37}},"14":{"start":{"line":43,"column":8},"end":{"line":49,"column":null}},"15":{"start":{"line":44,"column":26},"end":{"line":44,"column":62}},"16":{"start":{"line":45,"column":12},"end":{"line":45,"column":61}},"17":{"start":{"line":45,"column":24},"end":{"line":45,"column":61}},"18":{"start":{"line":46,"column":12},"end":{"line":46,"column":56}},"19":{"start":{"line":48,"column":12},"end":{"line":48,"column":24}},"20":{"start":{"line":52,"column":4},"end":{"line":67,"column":6}},"21":{"start":{"line":53,"column":8},"end":{"line":66,"column":null}},"22":{"start":{"line":54,"column":29},"end":{"line":54,"column":41}},"23":{"start":{"line":55,"column":46},"end":{"line":60,"column":14}},"24":{"start":{"line":61,"column":26},"end":{"line":61,"column":70}},"25":{"start":{"line":62,"column":12},"end":{"line":62,"column":60}},"26":{"start":{"line":62,"column":24},"end":{"line":62,"column":60}},"27":{"start":{"line":63,"column":12},"end":{"line":63,"column":61}},"28":{"start":{"line":65,"column":12},"end":{"line":65,"column":24}},"29":{"start":{"line":69,"column":4},"end":{"line":79,"column":6}},"30":{"start":{"line":70,"column":8},"end":{"line":78,"column":null}},"31":{"start":{"line":71,"column":27},"end":{"line":71,"column":41}},"32":{"start":{"line":72,"column":55},"end":{"line":72,"column":97}},"33":{"start":{"line":73,"column":25},"end":{"line":73,"column":73}},"34":{"start":{"line":74,"column":12},"end":{"line":74,"column":84}},"35":{"start":{"line":74,"column":47},"end":{"line":74,"column":84}},"36":{"start":{"line":75,"column":12},"end":{"line":75,"column":55}},"37":{"start":{"line":77,"column":12},"end":{"line":77,"column":24}},"38":{"start":{"line":81,"column":4},"end":{"line":90,"column":6}},"39":{"start":{"line":82,"column":23},"end":{"line":82,"column":37}},"40":{"start":{"line":83,"column":8},"end":{"line":89,"column":null}},"41":{"start":{"line":84,"column":37},"end":{"line":84,"column":76}},"42":{"start":{"line":85,"column":12},"end":{"line":85,"column":77}},"43":{"start":{"line":85,"column":40},"end":{"line":85,"column":77}},"44":{"start":{"line":86,"column":12},"end":{"line":86,"column":52}},"45":{"start":{"line":88,"column":12},"end":{"line":88,"column":24}},"46":{"start":{"line":92,"column":4},"end":{"line":99,"column":6}},"47":{"start":{"line":93,"column":8},"end":{"line":98,"column":null}},"48":{"start":{"line":94,"column":27},"end":{"line":94,"column":60}},"49":{"start":{"line":95,"column":12},"end":{"line":95,"column":57}},"50":{"start":{"line":97,"column":12},"end":{"line":97,"column":24}},"51":{"start":{"line":24,"column":8},"end":{"line":24,"column":49}},"52":{"start":{"line":25,"column":8},"end":{"line":25,"column":32}},"53":{"start":{"line":29,"column":8},"end":{"line":29,"column":59}},"54":{"start":{"line":30,"column":8},"end":{"line":30,"column":109}},"55":{"start":{"line":31,"column":8},"end":{"line":31,"column":74}},"56":{"start":{"line":32,"column":8},"end":{"line":37,"column":10}},"57":{"start":{"line":38,"column":8},"end":{"line":38,"column":76}},"58":{"start":{"line":102,"column":0},"end":{"line":102,"column":31}}},"fnMap":{"0":{"name":"(anonymous_7)","decl":{"start":{"line":23,"column":4},"end":{"line":23,"column":16}},"loc":{"start":{"line":23,"column":50},"end":{"line":26,"column":5}}},"1":{"name":"(anonymous_8)","decl":{"start":{"line":41,"column":19},"end":{"line":41,"column":24}},"loc":{"start":{"line":41,"column":101},"end":{"line":50,"column":5}}},"2":{"name":"(anonymous_9)","decl":{"start":{"line":52,"column":18},"end":{"line":52,"column":23}},"loc":{"start":{"line":52,"column":100},"end":{"line":67,"column":5}}},"3":{"name":"(anonymous_10)","decl":{"start":{"line":69,"column":18},"end":{"line":69,"column":23}},"loc":{"start":{"line":69,"column":100},"end":{"line":79,"column":5}}},"4":{"name":"(anonymous_11)","decl":{"start":{"line":81,"column":18},"end":{"line":81,"column":23}},"loc":{"start":{"line":81,"column":100},"end":{"line":90,"column":5}}},"5":{"name":"(anonymous_12)","decl":{"start":{"line":92,"column":13},"end":{"line":92,"column":18}},"loc":{"start":{"line":92,"column":96},"end":{"line":99,"column":5}}},"6":{"name":"(anonymous_13)","decl":{"start":{"line":28,"column":4},"end":{"line":28,"column":20}},"loc":{"start":{"line":28,"column":20},"end":{"line":39,"column":5}}}},"branchMap":{"0":{"loc":{"start":{"line":45,"column":12},"end":{"line":45,"column":61}},"type":"if","locations":[{"start":{"line":45,"column":12},"end":{"line":45,"column":61}}]},"1":{"loc":{"start":{"line":62,"column":12},"end":{"line":62,"column":60}},"type":"if","locations":[{"start":{"line":62,"column":12},"end":{"line":62,"column":60}}]},"2":{"loc":{"start":{"line":74,"column":12},"end":{"line":74,"column":84}},"type":"if","locations":[{"start":{"line":74,"column":12},"end":{"line":74,"column":84}}]},"3":{"loc":{"start":{"line":85,"column":12},"end":{"line":85,"column":77}},"type":"if","locations":[{"start":{"line":85,"column":12},"end":{"line":85,"column":77}}]}},"s":{"0":2,"1":2,"2":2,"3":2,"4":2,"5":2,"6":2,"7":2,"8":2,"9":10,"10":10,"11":10,"12":10,"13":2,"14":2,"15":2,"16":2,"17":0,"18":2,"19":0,"20":10,"21":2,"22":2,"23":2,"24":2,"25":2,"26":0,"27":2,"28":0,"29":10,"30":2,"31":2,"32":2,"33":2,"34":2,"35":0,"36":2,"37":0,"38":10,"39":2,"40":2,"41":2,"42":2,"43":0,"44":2,"45":0,"46":10,"47":2,"48":2,"49":2,"50":0,"51":10,"52":10,"53":10,"54":10,"55":10,"56":10,"57":10,"58":2},"f":{"0":10,"1":2,"2":2,"3":2,"4":2,"5":2,"6":10},"b":{"0":[0],"1":[0],"2":[0],"3":[0]}}
,"/Users/Eduardo_Neto/training/node/nodejs-training/src/entities/group/group.model.ts": {"path":"/Users/Eduardo_Neto/training/node/nodejs-training/src/entities/group/group.model.ts","statementMap":{"0":{"start":{"line":1,"column":0},"end":{"line":1,"column":null}},"1":{"start":{"line":15,"column":0},"end":{"line":15,"column":55}},"2":{"start":{"line":18,"column":13},"end":{"line":47,"column":2}},"3":{"start":{"line":81,"column":0},"end":{"line":84,"column":3}},"4":{"start":{"line":86,"column":0},"end":{"line":86,"column":21}}},"fnMap":{},"branchMap":{},"s":{"0":2,"1":2,"2":2,"3":2,"4":2},"f":{},"b":{}}
,"/Users/Eduardo_Neto/training/node/nodejs-training/src/entities/group/group.service.ts": {"path":"/Users/Eduardo_Neto/training/node/nodejs-training/src/entities/group/group.service.ts","statementMap":{"0":{"start":{"line":2,"column":0},"end":{"line":2,"column":77}},"1":{"start":{"line":3,"column":0},"end":{"line":3,"column":79}},"2":{"start":{"line":14,"column":4},"end":{"line":24,"column":6}},"3":{"start":{"line":15,"column":8},"end":{"line":23,"column":null}},"4":{"start":{"line":16,"column":27},"end":{"line":16,"column":58}},"5":{"start":{"line":17,"column":12},"end":{"line":17,"column":26}},"6":{"start":{"line":19,"column":12},"end":{"line":21,"column":null}},"7":{"start":{"line":20,"column":16},"end":{"line":20,"column":57}},"8":{"start":{"line":22,"column":12},"end":{"line":22,"column":48}},"9":{"start":{"line":26,"column":4},"end":{"line":36,"column":6}},"10":{"start":{"line":27,"column":8},"end":{"line":35,"column":null}},"11":{"start":{"line":28,"column":26},"end":{"line":28,"column":60}},"12":{"start":{"line":29,"column":12},"end":{"line":29,"column":25}},"13":{"start":{"line":31,"column":12},"end":{"line":33,"column":null}},"14":{"start":{"line":32,"column":16},"end":{"line":32,"column":57}},"15":{"start":{"line":34,"column":12},"end":{"line":34,"column":48}},"16":{"start":{"line":38,"column":4},"end":{"line":49,"column":6}},"17":{"start":{"line":39,"column":8},"end":{"line":48,"column":null}},"18":{"start":{"line":40,"column":29},"end":{"line":40,"column":59}},"19":{"start":{"line":41,"column":26},"end":{"line":41,"column":47}},"20":{"start":{"line":42,"column":12},"end":{"line":42,"column":44}},"21":{"start":{"line":44,"column":12},"end":{"line":46,"column":null}},"22":{"start":{"line":45,"column":16},"end":{"line":45,"column":57}},"23":{"start":{"line":47,"column":12},"end":{"line":47,"column":48}},"24":{"start":{"line":51,"column":4},"end":{"line":64,"column":6}},"25":{"start":{"line":52,"column":8},"end":{"line":63,"column":null}},"26":{"start":{"line":53,"column":25},"end":{"line":53,"column":98}},"27":{"start":{"line":54,"column":12},"end":{"line":56,"column":null}},"28":{"start":{"line":55,"column":16},"end":{"line":55,"column":54}},"29":{"start":{"line":57,"column":12},"end":{"line":57,"column":30}},"30":{"start":{"line":59,"column":12},"end":{"line":61,"column":null}},"31":{"start":{"line":60,"column":16},"end":{"line":60,"column":57}},"32":{"start":{"line":62,"column":12},"end":{"line":62,"column":48}},"33":{"start":{"line":66,"column":4},"end":{"line":80,"column":6}},"34":{"start":{"line":67,"column":8},"end":{"line":79,"column":null}},"35":{"start":{"line":68,"column":37},"end":{"line":72,"column":14}},"36":{"start":{"line":73,"column":12},"end":{"line":73,"column":36}},"37":{"start":{"line":75,"column":12},"end":{"line":77,"column":null}},"38":{"start":{"line":76,"column":16},"end":{"line":76,"column":57}},"39":{"start":{"line":78,"column":12},"end":{"line":78,"column":48}},"40":{"start":{"line":11,"column":8},"end":{"line":11,"column":40}},"41":{"start":{"line":83,"column":0},"end":{"line":83,"column":28}}},"fnMap":{"0":{"name":"(anonymous_1)","decl":{"start":{"line":10,"column":4},"end":{"line":10,"column":16}},"loc":{"start":{"line":10,"column":43},"end":{"line":12,"column":5}}},"1":{"name":"(anonymous_2)","decl":{"start":{"line":14,"column":14},"end":{"line":14,"column":19}},"loc":{"start":{"line":14,"column":43},"end":{"line":24,"column":5}}},"2":{"name":"(anonymous_3)","decl":{"start":{"line":26,"column":15},"end":{"line":26,"column":20}},"loc":{"start":{"line":26,"column":59},"end":{"line":36,"column":5}}},"3":{"name":"(anonymous_4)","decl":{"start":{"line":38,"column":18},"end":{"line":38,"column":23}},"loc":{"start":{"line":38,"column":83},"end":{"line":49,"column":5}}},"4":{"name":"(anonymous_5)","decl":{"start":{"line":51,"column":18},"end":{"line":51,"column":23}},"loc":{"start":{"line":51,"column":116},"end":{"line":64,"column":5}}},"5":{"name":"(anonymous_6)","decl":{"start":{"line":66,"column":18},"end":{"line":66,"column":23}},"loc":{"start":{"line":66,"column":72},"end":{"line":80,"column":5}}}},"branchMap":{"0":{"loc":{"start":{"line":19,"column":12},"end":{"line":21,"column":null}},"type":"if","locations":[{"start":{"line":19,"column":12},"end":{"line":21,"column":null}}]},"1":{"loc":{"start":{"line":31,"column":12},"end":{"line":33,"column":null}},"type":"if","locations":[{"start":{"line":31,"column":12},"end":{"line":33,"column":null}}]},"2":{"loc":{"start":{"line":44,"column":12},"end":{"line":46,"column":null}},"type":"if","locations":[{"start":{"line":44,"column":12},"end":{"line":46,"column":null}}]},"3":{"loc":{"start":{"line":54,"column":12},"end":{"line":56,"column":null}},"type":"if","locations":[{"start":{"line":54,"column":12},"end":{"line":56,"column":null}}]},"4":{"loc":{"start":{"line":59,"column":12},"end":{"line":61,"column":null}},"type":"if","locations":[{"start":{"line":59,"column":12},"end":{"line":61,"column":null}}]},"5":{"loc":{"start":{"line":75,"column":12},"end":{"line":77,"column":null}},"type":"if","locations":[{"start":{"line":75,"column":12},"end":{"line":77,"column":null}}]}},"s":{"0":2,"1":2,"2":10,"3":0,"4":0,"5":0,"6":0,"7":0,"8":0,"9":10,"10":0,"11":0,"12":0,"13":0,"14":0,"15":0,"16":10,"17":0,"18":0,"19":0,"20":0,"21":0,"22":0,"23":0,"24":10,"25":0,"26":0,"27":0,"28":0,"29":0,"30":0,"31":0,"32":0,"33":10,"34":0,"35":0,"36":0,"37":0,"38":0,"39":0,"40":10,"41":2},"f":{"0":10,"1":0,"2":0,"3":0,"4":0,"5":0},"b":{"0":[0],"1":[0],"2":[0],"3":[0],"4":[0],"5":[0]}}
,"/Users/Eduardo_Neto/training/node/nodejs-training/src/entities/user/user.controller.ts": {"path":"/Users/Eduardo_Neto/training/node/nodejs-training/src/entities/user/user.controller.ts","statementMap":{"0":{"start":{"line":1,"column":0},"end":{"line":1,"column":66}},"1":{"start":{"line":2,"column":0},"end":{"line":2,"column":57}},"2":{"start":{"line":3,"column":0},"end":{"line":3,"column":48}},"3":{"start":{"line":4,"column":0},"end":{"line":4,"column":37}},"4":{"start":{"line":7,"column":0},"end":{"line":7,"column":75}},"5":{"start":{"line":8,"column":0},"end":{"line":8,"column":59}},"6":{"start":{"line":9,"column":0},"end":{"line":9,"column":38}},"7":{"start":{"line":10,"column":0},"end":{"line":10,"column":62}},"8":{"start":{"line":14,"column":0},"end":{"line":14,"column":43}},"9":{"start":{"line":17,"column":11},"end":{"line":17,"column":27}},"10":{"start":{"line":18,"column":11},"end":{"line":18,"column":29}},"11":{"start":{"line":20,"column":12},"end":{"line":20,"column":42}},"12":{"start":{"line":42,"column":4},"end":{"line":58,"column":6}},"13":{"start":{"line":43,"column":8},"end":{"line":57,"column":null}},"14":{"start":{"line":44,"column":40},"end":{"line":44,"column":52}},"15":{"start":{"line":45,"column":12},"end":{"line":45,"column":60}},"16":{"start":{"line":46,"column":28},"end":{"line":46,"column":77}},"17":{"start":{"line":47,"column":12},"end":{"line":49,"column":null}},"18":{"start":{"line":48,"column":16},"end":{"line":48,"column":30}},"19":{"start":{"line":50,"column":12},"end":{"line":50,"column":60}},"20":{"start":{"line":51,"column":12},"end":{"line":51,"column":58}},"21":{"start":{"line":53,"column":12},"end":{"line":55,"column":null}},"22":{"start":{"line":54,"column":16},"end":{"line":54,"column":97}},"23":{"start":{"line":56,"column":12},"end":{"line":56,"column":108}},"24":{"start":{"line":60,"column":4},"end":{"line":72,"column":6}},"25":{"start":{"line":61,"column":8},"end":{"line":71,"column":null}},"26":{"start":{"line":62,"column":27},"end":{"line":62,"column":41}},"27":{"start":{"line":63,"column":25},"end":{"line":63,"column":60}},"28":{"start":{"line":64,"column":12},"end":{"line":64,"column":58}},"29":{"start":{"line":64,"column":47},"end":{"line":64,"column":58}},"30":{"start":{"line":65,"column":12},"end":{"line":65,"column":55}},"31":{"start":{"line":67,"column":12},"end":{"line":69,"column":null}},"32":{"start":{"line":68,"column":16},"end":{"line":68,"column":97}},"33":{"start":{"line":70,"column":12},"end":{"line":70,"column":108}},"34":{"start":{"line":74,"column":4},"end":{"line":92,"column":6}},"35":{"start":{"line":75,"column":8},"end":{"line":91,"column":null}},"36":{"start":{"line":76,"column":36},"end":{"line":76,"column":48}},"37":{"start":{"line":77,"column":44},"end":{"line":83,"column":14}},"38":{"start":{"line":84,"column":27},"end":{"line":84,"column":69}},"39":{"start":{"line":85,"column":12},"end":{"line":85,"column":66}},"40":{"start":{"line":87,"column":12},"end":{"line":89,"column":null}},"41":{"start":{"line":88,"column":16},"end":{"line":88,"column":97}},"42":{"start":{"line":90,"column":12},"end":{"line":90,"column":108}},"43":{"start":{"line":94,"column":4},"end":{"line":107,"column":6}},"44":{"start":{"line":95,"column":8},"end":{"line":106,"column":null}},"45":{"start":{"line":96,"column":27},"end":{"line":96,"column":41}},"46":{"start":{"line":97,"column":44},"end":{"line":97,"column":86}},"47":{"start":{"line":98,"column":25},"end":{"line":98,"column":71}},"48":{"start":{"line":99,"column":12},"end":{"line":99,"column":83}},"49":{"start":{"line":99,"column":47},"end":{"line":99,"column":83}},"50":{"start":{"line":100,"column":12},"end":{"line":100,"column":55}},"51":{"start":{"line":102,"column":12},"end":{"line":104,"column":null}},"52":{"start":{"line":103,"column":16},"end":{"line":103,"column":97}},"53":{"start":{"line":105,"column":12},"end":{"line":105,"column":108}},"54":{"start":{"line":109,"column":4},"end":{"line":121,"column":6}},"55":{"start":{"line":110,"column":8},"end":{"line":120,"column":null}},"56":{"start":{"line":111,"column":27},"end":{"line":111,"column":41}},"57":{"start":{"line":112,"column":25},"end":{"line":112,"column":62}},"58":{"start":{"line":113,"column":25},"end":{"line":113,"column":51}},"59":{"start":{"line":114,"column":12},"end":{"line":114,"column":55}},"60":{"start":{"line":116,"column":12},"end":{"line":118,"column":null}},"61":{"start":{"line":117,"column":16},"end":{"line":117,"column":97}},"62":{"start":{"line":119,"column":12},"end":{"line":119,"column":108}},"63":{"start":{"line":123,"column":4},"end":{"line":143,"column":6}},"64":{"start":{"line":124,"column":42},"end":{"line":124,"column":55}},"65":{"start":{"line":125,"column":26},"end":{"line":125,"column":27}},"66":{"start":{"line":126,"column":8},"end":{"line":128,"column":null}},"67":{"start":{"line":127,"column":12},"end":{"line":127,"column":46}},"68":{"start":{"line":129,"column":23},"end":{"line":133,"column":10}},"69":{"start":{"line":134,"column":8},"end":{"line":142,"column":null}},"70":{"start":{"line":135,"column":26},"end":{"line":135,"column":71}},"71":{"start":{"line":136,"column":12},"end":{"line":136,"column":56}},"72":{"start":{"line":138,"column":12},"end":{"line":140,"column":null}},"73":{"start":{"line":139,"column":16},"end":{"line":139,"column":97}},"74":{"start":{"line":141,"column":12},"end":{"line":141,"column":108}},"75":{"start":{"line":24,"column":8},"end":{"line":24,"column":39}},"76":{"start":{"line":25,"column":8},"end":{"line":25,"column":32}},"77":{"start":{"line":29,"column":8},"end":{"line":29,"column":103}},"78":{"start":{"line":30,"column":8},"end":{"line":30,"column":67}},"79":{"start":{"line":31,"column":8},"end":{"line":31,"column":96}},"80":{"start":{"line":32,"column":8},"end":{"line":32,"column":73}},"81":{"start":{"line":33,"column":8},"end":{"line":38,"column":10}},"82":{"start":{"line":39,"column":8},"end":{"line":39,"column":75}},"83":{"start":{"line":146,"column":0},"end":{"line":146,"column":30}}},"fnMap":{"0":{"name":"(anonymous_7)","decl":{"start":{"line":23,"column":4},"end":{"line":23,"column":16}},"loc":{"start":{"line":23,"column":40},"end":{"line":26,"column":5}}},"1":{"name":"(anonymous_8)","decl":{"start":{"line":42,"column":12},"end":{"line":42,"column":17}},"loc":{"start":{"line":42,"column":94},"end":{"line":58,"column":5}}},"2":{"name":"(anonymous_9)","decl":{"start":{"line":60,"column":18},"end":{"line":60,"column":23}},"loc":{"start":{"line":60,"column":100},"end":{"line":72,"column":5}}},"3":{"name":"(anonymous_10)","decl":{"start":{"line":74,"column":17},"end":{"line":74,"column":22}},"loc":{"start":{"line":74,"column":99},"end":{"line":92,"column":5}}},"4":{"name":"(anonymous_11)","decl":{"start":{"line":94,"column":17},"end":{"line":94,"column":22}},"loc":{"start":{"line":94,"column":99},"end":{"line":107,"column":5}}},"5":{"name":"(anonymous_12)","decl":{"start":{"line":109,"column":17},"end":{"line":109,"column":22}},"loc":{"start":{"line":109,"column":99},"end":{"line":121,"column":5}}},"6":{"name":"(anonymous_13)","decl":{"start":{"line":123,"column":21},"end":{"line":123,"column":26}},"loc":{"start":{"line":123,"column":103},"end":{"line":143,"column":5}}},"7":{"name":"(anonymous_14)","decl":{"start":{"line":28,"column":4},"end":{"line":28,"column":20}},"loc":{"start":{"line":28,"column":20},"end":{"line":40,"column":5}}}},"branchMap":{"0":{"loc":{"start":{"line":47,"column":12},"end":{"line":49,"column":null}},"type":"if","locations":[{"start":{"line":47,"column":12},"end":{"line":49,"column":null}}]},"1":{"loc":{"start":{"line":53,"column":12},"end":{"line":55,"column":null}},"type":"if","locations":[{"start":{"line":53,"column":12},"end":{"line":55,"column":null}}]},"2":{"loc":{"start":{"line":64,"column":12},"end":{"line":64,"column":58}},"type":"if","locations":[{"start":{"line":64,"column":12},"end":{"line":64,"column":58}}]},"3":{"loc":{"start":{"line":67,"column":12},"end":{"line":69,"column":null}},"type":"if","locations":[{"start":{"line":67,"column":12},"end":{"line":69,"column":null}}]},"4":{"loc":{"start":{"line":87,"column":12},"end":{"line":89,"column":null}},"type":"if","locations":[{"start":{"line":87,"column":12},"end":{"line":89,"column":null}}]},"5":{"loc":{"start":{"line":99,"column":12},"end":{"line":99,"column":83}},"type":"if","locations":[{"start":{"line":99,"column":12},"end":{"line":99,"column":83}}]},"6":{"loc":{"start":{"line":102,"column":12},"end":{"line":104,"column":null}},"type":"if","locations":[{"start":{"line":102,"column":12},"end":{"line":104,"column":null}}]},"7":{"loc":{"start":{"line":116,"column":12},"end":{"line":118,"column":null}},"type":"if","locations":[{"start":{"line":116,"column":12},"end":{"line":118,"column":null}}]},"8":{"loc":{"start":{"line":126,"column":8},"end":{"line":128,"column":null}},"type":"if","locations":[{"start":{"line":126,"column":8},"end":{"line":128,"column":null}}]},"9":{"loc":{"start":{"line":138,"column":12},"end":{"line":140,"column":null}},"type":"if","locations":[{"start":{"line":138,"column":12},"end":{"line":140,"column":null}}]}},"s":{"0":2,"1":2,"2":2,"3":2,"4":2,"5":2,"6":2,"7":2,"8":2,"9":26,"10":26,"11":26,"12":26,"13":3,"14":3,"15":3,"16":3,"17":3,"18":0,"19":3,"20":3,"21":0,"22":0,"23":0,"24":26,"25":3,"26":3,"27":3,"28":3,"29":0,"30":3,"31":0,"32":0,"33":0,"34":26,"35":3,"36":3,"37":3,"38":3,"39":3,"40":0,"41":0,"42":0,"43":26,"44":3,"45":3,"46":3,"47":3,"48":3,"49":0,"50":3,"51":0,"52":0,"53":0,"54":26,"55":3,"56":3,"57":3,"58":3,"59":3,"60":0,"61":0,"62":0,"63":26,"64":3,"65":3,"66":3,"67":3,"68":3,"69":3,"70":3,"71":3,"72":0,"73":0,"74":0,"75":26,"76":26,"77":26,"78":26,"79":26,"80":26,"81":26,"82":26,"83":2},"f":{"0":26,"1":3,"2":3,"3":3,"4":3,"5":3,"6":3,"7":26},"b":{"0":[0],"1":[0],"2":[0],"3":[0],"4":[0],"5":[0],"6":[0],"7":[0],"8":[3],"9":[0]}}
,"/Users/Eduardo_Neto/training/node/nodejs-training/src/entities/user/user.service.ts": {"path":"/Users/Eduardo_Neto/training/node/nodejs-training/src/entities/user/user.service.ts","statementMap":{"0":{"start":{"line":1,"column":0},"end":{"line":1,"column":48}},"1":{"start":{"line":3,"column":0},"end":{"line":3,"column":59}},"2":{"start":{"line":4,"column":0},"end":{"line":4,"column":75}},"3":{"start":{"line":5,"column":0},"end":{"line":5,"column":96}},"4":{"start":{"line":7,"column":0},"end":{"line":7,"column":41}},"5":{"start":{"line":8,"column":0},"end":{"line":8,"column":38}},"6":{"start":{"line":24,"column":4},"end":{"line":34,"column":6}},"7":{"start":{"line":25,"column":8},"end":{"line":33,"column":null}},"8":{"start":{"line":26,"column":26},"end":{"line":26,"column":56}},"9":{"start":{"line":27,"column":12},"end":{"line":27,"column":25}},"10":{"start":{"line":29,"column":12},"end":{"line":31,"column":null}},"11":{"start":{"line":30,"column":16},"end":{"line":30,"column":90}},"12":{"start":{"line":32,"column":12},"end":{"line":32,"column":101}},"13":{"start":{"line":36,"column":4},"end":{"line":51,"column":6}},"14":{"start":{"line":37,"column":8},"end":{"line":50,"column":null}},"15":{"start":{"line":38,"column":25},"end":{"line":40,"column":14}},"16":{"start":{"line":41,"column":12},"end":{"line":43,"column":null}},"17":{"start":{"line":42,"column":16},"end":{"line":42,"column":53}},"18":{"start":{"line":44,"column":12},"end":{"line":44,"column":24}},"19":{"start":{"line":46,"column":12},"end":{"line":48,"column":null}},"20":{"start":{"line":47,"column":16},"end":{"line":47,"column":90}},"21":{"start":{"line":49,"column":12},"end":{"line":49,"column":118}},"22":{"start":{"line":53,"column":4},"end":{"line":80,"column":6}},"23":{"start":{"line":54,"column":8},"end":{"line":79,"column":null}},"24":{"start":{"line":55,"column":40},"end":{"line":55,"column":47}},"25":{"start":{"line":56,"column":35},"end":{"line":56,"column":85}},"26":{"start":{"line":57,"column":12},"end":{"line":63,"column":null}},"27":{"start":{"line":58,"column":16},"end":{"line":58,"column":90}},"28":{"start":{"line":59,"column":16},"end":{"line":62,"column":18}},"29":{"start":{"line":64,"column":35},"end":{"line":64,"column":81}},"30":{"start":{"line":65,"column":62},"end":{"line":68,"column":14}},"31":{"start":{"line":69,"column":28},"end":{"line":69,"column":75}},"32":{"start":{"line":70,"column":25},"end":{"line":70,"column":45}},"33":{"start":{"line":71,"column":27},"end":{"line":71,"column":50}},"34":{"start":{"line":72,"column":12},"end":{"line":72,"column":54}},"35":{"start":{"line":73,"column":12},"end":{"line":73,"column":26}},"36":{"start":{"line":75,"column":12},"end":{"line":77,"column":null}},"37":{"start":{"line":76,"column":16},"end":{"line":76,"column":90}},"38":{"start":{"line":78,"column":12},"end":{"line":78,"column":101}},"39":{"start":{"line":82,"column":4},"end":{"line":115,"column":6}},"40":{"start":{"line":83,"column":8},"end":{"line":114,"column":null}},"41":{"start":{"line":84,"column":25},"end":{"line":84,"column":85}},"42":{"start":{"line":85,"column":12},"end":{"line":87,"column":null}},"43":{"start":{"line":86,"column":16},"end":{"line":86,"column":101}},"44":{"start":{"line":88,"column":30},"end":{"line":88,"column":70}},"45":{"start":{"line":88,"column":49},"end":{"line":88,"column":69}},"46":{"start":{"line":89,"column":31},"end":{"line":89,"column":117}},"47":{"start":{"line":89,"column":64},"end":{"line":89,"column":113}},"48":{"start":{"line":90,"column":12},"end":{"line":90,"column":114}},"49":{"start":{"line":90,"column":29},"end":{"line":90,"column":114}},"50":{"start":{"line":91,"column":25},"end":{"line":91,"column":79}},"51":{"start":{"line":91,"column":47},"end":{"line":91,"column":75}},"52":{"start":{"line":92,"column":72},"end":{"line":92,"column":76}},"53":{"start":{"line":93,"column":29},"end":{"line":101,"column":14}},"54":{"start":{"line":102,"column":26},"end":{"line":102,"column":67}},"55":{"start":{"line":103,"column":12},"end":{"line":106,"column":14}},"56":{"start":{"line":108,"column":12},"end":{"line":111,"column":null}},"57":{"start":{"line":109,"column":16},"end":{"line":109,"column":51}},"58":{"start":{"line":110,"column":16},"end":{"line":110,"column":90}},"59":{"start":{"line":112,"column":12},"end":{"line":112,"column":84}},"60":{"start":{"line":113,"column":12},"end":{"line":113,"column":101}},"61":{"start":{"line":117,"column":4},"end":{"line":127,"column":6}},"62":{"start":{"line":118,"column":8},"end":{"line":126,"column":null}},"63":{"start":{"line":119,"column":25},"end":{"line":119,"column":97}},"64":{"start":{"line":120,"column":12},"end":{"line":120,"column":78}},"65":{"start":{"line":122,"column":12},"end":{"line":124,"column":null}},"66":{"start":{"line":123,"column":16},"end":{"line":123,"column":90}},"67":{"start":{"line":125,"column":12},"end":{"line":125,"column":101}},"68":{"start":{"line":129,"column":4},"end":{"line":143,"column":6}},"69":{"start":{"line":130,"column":8},"end":{"line":142,"column":null}},"70":{"start":{"line":131,"column":25},"end":{"line":135,"column":14}},"71":{"start":{"line":136,"column":12},"end":{"line":136,"column":24}},"72":{"start":{"line":138,"column":12},"end":{"line":140,"column":null}},"73":{"start":{"line":139,"column":16},"end":{"line":139,"column":90}},"74":{"start":{"line":141,"column":12},"end":{"line":141,"column":116}},"75":{"start":{"line":145,"column":4},"end":{"line":159,"column":6}},"76":{"start":{"line":146,"column":8},"end":{"line":158,"column":null}},"77":{"start":{"line":147,"column":25},"end":{"line":149,"column":14}},"78":{"start":{"line":150,"column":26},"end":{"line":150,"column":56}},"79":{"start":{"line":150,"column":45},"end":{"line":150,"column":55}},"80":{"start":{"line":151,"column":35},"end":{"line":151,"column":76}},"81":{"start":{"line":152,"column":12},"end":{"line":152,"column":34}},"82":{"start":{"line":154,"column":12},"end":{"line":156,"column":null}},"83":{"start":{"line":155,"column":16},"end":{"line":155,"column":90}},"84":{"start":{"line":157,"column":12},"end":{"line":157,"column":102}},"85":{"start":{"line":19,"column":8},"end":{"line":19,"column":38}},"86":{"start":{"line":20,"column":8},"end":{"line":20,"column":52}},"87":{"start":{"line":21,"column":8},"end":{"line":21,"column":39}},"88":{"start":{"line":162,"column":0},"end":{"line":162,"column":27}}},"fnMap":{"0":{"name":"(anonymous_1)","decl":{"start":{"line":18,"column":4},"end":{"line":18,"column":16}},"loc":{"start":{"line":18,"column":99},"end":{"line":22,"column":5}}},"1":{"name":"(anonymous_2)","decl":{"start":{"line":24,"column":14},"end":{"line":24,"column":19}},"loc":{"start":{"line":24,"column":42},"end":{"line":34,"column":5}}},"2":{"name":"(anonymous_3)","decl":{"start":{"line":36,"column":15},"end":{"line":36,"column":20}},"loc":{"start":{"line":36,"column":75},"end":{"line":51,"column":5}}},"3":{"name":"(anonymous_4)","decl":{"start":{"line":53,"column":17},"end":{"line":53,"column":22}},"loc":{"start":{"line":53,"column":84},"end":{"line":80,"column":5}}},"4":{"name":"(anonymous_5)","decl":{"start":{"line":82,"column":16},"end":{"line":82,"column":21}},"loc":{"start":{"line":82,"column":95},"end":{"line":115,"column":5}}},"5":{"name":"(anonymous_6)","decl":{"start":{"line":88,"column":39},"end":{"line":88,"column":40}},"loc":{"start":{"line":88,"column":49},"end":{"line":88,"column":69}}},"6":{"name":"(anonymous_7)","decl":{"start":{"line":89,"column":48},"end":{"line":89,"column":53}},"loc":{"start":{"line":89,"column":64},"end":{"line":89,"column":113}}},"7":{"name":"(anonymous_8)","decl":{"start":{"line":91,"column":37},"end":{"line":91,"column":38}},"loc":{"start":{"line":91,"column":47},"end":{"line":91,"column":75}}},"8":{"name":"(anonymous_9)","decl":{"start":{"line":117,"column":17},"end":{"line":117,"column":22}},"loc":{"start":{"line":117,"column":111},"end":{"line":127,"column":5}}},"9":{"name":"(anonymous_10)","decl":{"start":{"line":129,"column":17},"end":{"line":129,"column":22}},"loc":{"start":{"line":129,"column":55},"end":{"line":143,"column":5}}},"10":{"name":"(anonymous_11)","decl":{"start":{"line":145,"column":21},"end":{"line":145,"column":26}},"loc":{"start":{"line":145,"column":87},"end":{"line":159,"column":5}}},"11":{"name":"(anonymous_12)","decl":{"start":{"line":150,"column":35},"end":{"line":150,"column":36}},"loc":{"start":{"line":150,"column":45},"end":{"line":150,"column":55}}}},"branchMap":{"0":{"loc":{"start":{"line":29,"column":12},"end":{"line":31,"column":null}},"type":"if","locations":[{"start":{"line":29,"column":12},"end":{"line":31,"column":null}}]},"1":{"loc":{"start":{"line":41,"column":12},"end":{"line":43,"column":null}},"type":"if","locations":[{"start":{"line":41,"column":12},"end":{"line":43,"column":null}}]},"2":{"loc":{"start":{"line":41,"column":16},"end":{"line":41,"column":63}},"type":"binary-expr","locations":[{"start":{"line":41,"column":16},"end":{"line":41,"column":29}},{"start":{"line":41,"column":33},"end":{"line":41,"column":63}}]},"3":{"loc":{"start":{"line":46,"column":12},"end":{"line":48,"column":null}},"type":"if","locations":[{"start":{"line":46,"column":12},"end":{"line":48,"column":null}}]},"4":{"loc":{"start":{"line":57,"column":12},"end":{"line":63,"column":null}},"type":"if","locations":[{"start":{"line":57,"column":12},"end":{"line":63,"column":null}}]},"5":{"loc":{"start":{"line":75,"column":12},"end":{"line":77,"column":null}},"type":"if","locations":[{"start":{"line":75,"column":12},"end":{"line":77,"column":null}}]},"6":{"loc":{"start":{"line":85,"column":12},"end":{"line":87,"column":null}},"type":"if","locations":[{"start":{"line":85,"column":12},"end":{"line":87,"column":null}}]},"7":{"loc":{"start":{"line":85,"column":16},"end":{"line":85,"column":42}},"type":"binary-expr","locations":[{"start":{"line":85,"column":16},"end":{"line":85,"column":21}},{"start":{"line":85,"column":25},"end":{"line":85,"column":42}}]},"8":{"loc":{"start":{"line":90,"column":12},"end":{"line":90,"column":114}},"type":"if","locations":[{"start":{"line":90,"column":12},"end":{"line":90,"column":114}}]},"9":{"loc":{"start":{"line":108,"column":12},"end":{"line":111,"column":null}},"type":"if","locations":[{"start":{"line":108,"column":12},"end":{"line":111,"column":null}}]},"10":{"loc":{"start":{"line":120,"column":19},"end":{"line":120,"column":77}},"type":"cond-expr","locations":[{"start":{"line":120,"column":35},"end":{"line":120,"column":64}},{"start":{"line":120,"column":67},"end":{"line":120,"column":77}}]},"11":{"loc":{"start":{"line":122,"column":12},"end":{"line":124,"column":null}},"type":"if","locations":[{"start":{"line":122,"column":12},"end":{"line":124,"column":null}}]},"12":{"loc":{"start":{"line":138,"column":12},"end":{"line":140,"column":null}},"type":"if","locations":[{"start":{"line":138,"column":12},"end":{"line":140,"column":null}}]},"13":{"loc":{"start":{"line":154,"column":12},"end":{"line":156,"column":null}},"type":"if","locations":[{"start":{"line":154,"column":12},"end":{"line":156,"column":null}}]}},"s":{"0":2,"1":2,"2":2,"3":2,"4":2,"5":2,"6":26,"7":0,"8":0,"9":0,"10":0,"11":0,"12":0,"13":26,"14":1,"15":1,"16":1,"17":0,"18":1,"19":0,"20":0,"21":0,"22":26,"23":2,"24":2,"25":2,"26":2,"27":0,"28":0,"29":2,"30":2,"31":2,"32":2,"33":2,"34":2,"35":2,"36":0,"37":0,"38":0,"39":26,"40":2,"41":2,"42":2,"43":0,"44":2,"45":2,"46":2,"47":2,"48":2,"49":0,"50":2,"51":2,"52":2,"53":2,"54":2,"55":2,"56":0,"57":0,"58":0,"59":0,"60":0,"61":26,"62":1,"63":1,"64":1,"65":0,"66":0,"67":0,"68":26,"69":1,"70":1,"71":1,"72":0,"73":0,"74":0,"75":26,"76":1,"77":1,"78":1,"79":3,"80":1,"81":1,"82":0,"83":0,"84":0,"85":26,"86":26,"87":26,"88":2},"f":{"0":26,"1":0,"2":1,"3":2,"4":2,"5":2,"6":2,"7":2,"8":1,"9":1,"10":1,"11":3},"b":{"0":[0],"1":[0],"2":[1,1],"3":[0],"4":[0],"5":[0],"6":[0],"7":[2,2],"8":[0],"9":[0],"10":[0,1],"11":[0],"12":[0],"13":[0]}}
,"/Users/Eduardo_Neto/training/node/nodejs-training/src/tests/helpers/group.helpers.ts": {"path":"/Users/Eduardo_Neto/training/node/nodejs-training/src/tests/helpers/group.helpers.ts","statementMap":{"0":{"start":{"line":5,"column":0},"end":{"line":5,"column":62}},"1":{"start":{"line":6,"column":0},"end":{"line":6,"column":68}},"2":{"start":{"line":9,"column":0},"end":{"line":9,"column":62}},"3":{"start":{"line":12,"column":4},"end":{"line":12,"column":19}},"4":{"start":{"line":11,"column":0},"end":{"line":11,"column":16}},"5":{"start":{"line":15,"column":31},"end":{"line":69,"column":1}},"6":{"start":{"line":16,"column":16},"end":{"line":16,"column":29}},"7":{"start":{"line":17,"column":16},"end":{"line":17,"column":30}},"8":{"start":{"line":18,"column":17},"end":{"line":18,"column":27}},"9":{"start":{"line":20,"column":4},"end":{"line":23,"column":6}},"10":{"start":{"line":25,"column":38},"end":{"line":30,"column":6}},"11":{"start":{"line":32,"column":30},"end":{"line":37,"column":26}},"12":{"start":{"line":36,"column":70},"end":{"line":36,"column":80}},"13":{"start":{"line":39,"column":24},"end":{"line":42,"column":26}},"14":{"start":{"line":44,"column":27},"end":{"line":47,"column":33}},"15":{"start":{"line":49,"column":37},"end":{"line":51,"column":33}},"16":{"start":{"line":53,"column":25},"end":{"line":53,"column":57}},"17":{"start":{"line":55,"column":28},"end":{"line":55,"column":73}},"18":{"start":{"line":57,"column":4},"end":{"line":68,"column":6}},"19":{"start":{"line":15,"column":13},"end":{"line":15,"column":31}},"20":{"start":{"line":71,"column":32},"end":{"line":109,"column":1}},"21":{"start":{"line":72,"column":16},"end":{"line":72,"column":29}},"22":{"start":{"line":73,"column":16},"end":{"line":73,"column":30}},"23":{"start":{"line":74,"column":17},"end":{"line":74,"column":27}},"24":{"start":{"line":76,"column":4},"end":{"line":76,"column":40}},"25":{"start":{"line":78,"column":22},"end":{"line":84,"column":26}},"26":{"start":{"line":86,"column":27},"end":{"line":89,"column":33}},"27":{"start":{"line":91,"column":39},"end":{"line":93,"column":33}},"28":{"start":{"line":95,"column":25},"end":{"line":95,"column":57}},"29":{"start":{"line":97,"column":28},"end":{"line":97,"column":75}},"30":{"start":{"line":99,"column":4},"end":{"line":108,"column":6}},"31":{"start":{"line":71,"column":13},"end":{"line":71,"column":32}},"32":{"start":{"line":111,"column":31},"end":{"line":169,"column":1}},"33":{"start":{"line":112,"column":16},"end":{"line":112,"column":29}},"34":{"start":{"line":113,"column":16},"end":{"line":113,"column":30}},"35":{"start":{"line":114,"column":17},"end":{"line":114,"column":27}},"36":{"start":{"line":116,"column":4},"end":{"line":116,"column":35}},"37":{"start":{"line":118,"column":4},"end":{"line":120,"column":6}},"38":{"start":{"line":122,"column":20},"end":{"line":125,"column":6}},"39":{"start":{"line":127,"column":29},"end":{"line":132,"column":26}},"40":{"start":{"line":143,"column":27},"end":{"line":148,"column":33}},"41":{"start":{"line":146,"column":12},"end":{"line":146,"column":78}},"42":{"start":{"line":150,"column":37},"end":{"line":152,"column":33}},"43":{"start":{"line":154,"column":25},"end":{"line":154,"column":57}},"44":{"start":{"line":156,"column":28},"end":{"line":156,"column":73}},"45":{"start":{"line":158,"column":4},"end":{"line":168,"column":6}},"46":{"start":{"line":111,"column":13},"end":{"line":111,"column":31}},"47":{"start":{"line":171,"column":31},"end":{"line":208,"column":1}},"48":{"start":{"line":172,"column":16},"end":{"line":172,"column":29}},"49":{"start":{"line":173,"column":16},"end":{"line":173,"column":30}},"50":{"start":{"line":174,"column":17},"end":{"line":174,"column":27}},"51":{"start":{"line":176,"column":4},"end":{"line":176,"column":35}},"52":{"start":{"line":184,"column":27},"end":{"line":189,"column":33}},"53":{"start":{"line":187,"column":12},"end":{"line":187,"column":46}},"54":{"start":{"line":191,"column":37},"end":{"line":193,"column":33}},"55":{"start":{"line":195,"column":25},"end":{"line":195,"column":57}},"56":{"start":{"line":197,"column":28},"end":{"line":197,"column":73}},"57":{"start":{"line":199,"column":4},"end":{"line":207,"column":6}},"58":{"start":{"line":171,"column":13},"end":{"line":171,"column":31}},"59":{"start":{"line":210,"column":26},"end":{"line":274,"column":1}},"60":{"start":{"line":211,"column":16},"end":{"line":211,"column":29}},"61":{"start":{"line":212,"column":16},"end":{"line":212,"column":30}},"62":{"start":{"line":213,"column":17},"end":{"line":213,"column":27}},"63":{"start":{"line":215,"column":20},"end":{"line":221,"column":26}},"64":{"start":{"line":222,"column":20},"end":{"line":228,"column":26}},"65":{"start":{"line":229,"column":20},"end":{"line":235,"column":26}},"66":{"start":{"line":237,"column":33},"end":{"line":250,"column":6}},"67":{"start":{"line":252,"column":27},"end":{"line":254,"column":33}},"68":{"start":{"line":256,"column":37},"end":{"line":258,"column":33}},"69":{"start":{"line":260,"column":25},"end":{"line":260,"column":57}},"70":{"start":{"line":262,"column":28},"end":{"line":262,"column":73}},"71":{"start":{"line":264,"column":4},"end":{"line":273,"column":6}},"72":{"start":{"line":210,"column":13},"end":{"line":210,"column":26}}},"fnMap":{"0":{"name":"createInstance","decl":{"start":{"line":11,"column":16},"end":{"line":11,"column":30}},"loc":{"start":{"line":11,"column":62},"end":{"line":13,"column":1}}},"1":{"name":"(anonymous_2)","decl":{"start":{"line":15,"column":31},"end":{"line":15,"column":34}},"loc":{"start":{"line":15,"column":36},"end":{"line":69,"column":1}}},"2":{"name":"(anonymous_3)","decl":{"start":{"line":36,"column":55},"end":{"line":36,"column":56}},"loc":{"start":{"line":36,"column":70},"end":{"line":36,"column":80}}},"3":{"name":"(anonymous_4)","decl":{"start":{"line":71,"column":32},"end":{"line":71,"column":35}},"loc":{"start":{"line":71,"column":37},"end":{"line":109,"column":1}}},"4":{"name":"(anonymous_5)","decl":{"start":{"line":111,"column":31},"end":{"line":111,"column":34}},"loc":{"start":{"line":111,"column":36},"end":{"line":169,"column":1}}},"5":{"name":"(anonymous_6)","decl":{"start":{"line":145,"column":45},"end":{"line":145,"column":46}},"loc":{"start":{"line":145,"column":86},"end":{"line":147,"column":9}}},"6":{"name":"(anonymous_7)","decl":{"start":{"line":171,"column":31},"end":{"line":171,"column":34}},"loc":{"start":{"line":171,"column":36},"end":{"line":208,"column":1}}},"7":{"name":"(anonymous_8)","decl":{"start":{"line":186,"column":46},"end":{"line":186,"column":47}},"loc":{"start":{"line":186,"column":69},"end":{"line":188,"column":9}}},"8":{"name":"(anonymous_9)","decl":{"start":{"line":210,"column":26},"end":{"line":210,"column":29}},"loc":{"start":{"line":210,"column":31},"end":{"line":274,"column":1}}}},"branchMap":{},"s":{"0":2,"1":2,"2":2,"3":0,"4":2,"5":2,"6":2,"7":2,"8":2,"9":2,"10":2,"11":2,"12":0,"13":2,"14":2,"15":2,"16":2,"17":2,"18":2,"19":2,"20":2,"21":2,"22":2,"23":2,"24":2,"25":2,"26":2,"27":2,"28":2,"29":2,"30":2,"31":2,"32":2,"33":2,"34":2,"35":2,"36":2,"37":2,"38":2,"39":2,"40":2,"41":0,"42":2,"43":2,"44":2,"45":2,"46":2,"47":2,"48":2,"49":2,"50":2,"51":2,"52":2,"53":0,"54":2,"55":2,"56":2,"57":2,"58":2,"59":2,"60":2,"61":2,"62":2,"63":2,"64":2,"65":2,"66":2,"67":2,"68":2,"69":2,"70":2,"71":2,"72":2},"f":{"0":0,"1":2,"2":0,"3":2,"4":2,"5":0,"6":2,"7":0,"8":2},"b":{}}
,"/Users/Eduardo_Neto/training/node/nodejs-training/src/tests/helpers/index.ts": {"path":"/Users/Eduardo_Neto/training/node/nodejs-training/src/tests/helpers/index.ts","statementMap":{"0":{"start":{"line":3,"column":27},"end":{"line":9,"column":1}},"1":{"start":{"line":4,"column":71},"end":{"line":4,"column":73}},"2":{"start":{"line":5,"column":4},"end":{"line":5,"column":46}},"3":{"start":{"line":6,"column":4},"end":{"line":6,"column":48}},"4":{"start":{"line":7,"column":4},"end":{"line":7,"column":47}},"5":{"start":{"line":8,"column":4},"end":{"line":8,"column":37}},"6":{"start":{"line":3,"column":13},"end":{"line":3,"column":27}},"7":{"start":{"line":11,"column":28},"end":{"line":17,"column":1}},"8":{"start":{"line":12,"column":70},"end":{"line":12,"column":72}},"9":{"start":{"line":13,"column":4},"end":{"line":13,"column":46}},"10":{"start":{"line":14,"column":4},"end":{"line":14,"column":48}},"11":{"start":{"line":15,"column":4},"end":{"line":15,"column":46}},"12":{"start":{"line":16,"column":4},"end":{"line":16,"column":38}},"13":{"start":{"line":11,"column":13},"end":{"line":11,"column":28}},"14":{"start":{"line":19,"column":24},"end":{"line":19,"column":80}},"15":{"start":{"line":19,"column":44},"end":{"line":19,"column":80}},"16":{"start":{"line":19,"column":13},"end":{"line":19,"column":24}},"17":{"start":{"line":21,"column":0},"end":{"line":21,"column":null}},"18":{"start":{"line":22,"column":4},"end":{"line":22,"column":null}},"19":{"start":{"line":23,"column":4},"end":{"line":23,"column":null}},"20":{"start":{"line":24,"column":4},"end":{"line":24,"column":null}},"21":{"start":{"line":25,"column":4},"end":{"line":25,"column":null}},"22":{"start":{"line":26,"column":4},"end":{"line":26,"column":null}},"23":{"start":{"line":27,"column":4},"end":{"line":27,"column":null}},"24":{"start":{"line":30,"column":0},"end":{"line":30,"column":9}},"25":{"start":{"line":30,"column":9},"end":{"line":30,"column":26}},"26":{"start":{"line":30,"column":26},"end":{"line":30,"column":43}},"27":{"start":{"line":30,"column":43},"end":{"line":30,"column":55}},"28":{"start":{"line":30,"column":55},"end":{"line":30,"column":73}},"29":{"start":{"line":30,"column":73},"end":{"line":30,"column":114}}},"fnMap":{"0":{"name":"(anonymous_0)","decl":{"start":{"line":3,"column":27},"end":{"line":3,"column":39}},"loc":{"start":{"line":3,"column":41},"end":{"line":9,"column":1}}},"1":{"name":"(anonymous_1)","decl":{"start":{"line":11,"column":28},"end":{"line":11,"column":41}},"loc":{"start":{"line":11,"column":43},"end":{"line":17,"column":1}}},"2":{"name":"(anonymous_2)","decl":{"start":{"line":19,"column":24},"end":{"line":19,"column":41}},"loc":{"start":{"line":19,"column":44},"end":{"line":19,"column":80}}},"3":{"name":"(anonymous_3)","decl":{"start":{"line":22,"column":4},"end":{"line":22,"column":18}},"loc":{"start":{"line":22,"column":4},"end":{"line":22,"column":null}}},"4":{"name":"(anonymous_4)","decl":{"start":{"line":23,"column":4},"end":{"line":23,"column":17}},"loc":{"start":{"line":23,"column":4},"end":{"line":23,"column":null}}},"5":{"name":"(anonymous_5)","decl":{"start":{"line":24,"column":4},"end":{"line":24,"column":19}},"loc":{"start":{"line":24,"column":4},"end":{"line":24,"column":null}}},"6":{"name":"(anonymous_6)","decl":{"start":{"line":25,"column":4},"end":{"line":25,"column":18}},"loc":{"start":{"line":25,"column":4},"end":{"line":25,"column":null}}},"7":{"name":"(anonymous_7)","decl":{"start":{"line":26,"column":4},"end":{"line":26,"column":18}},"loc":{"start":{"line":26,"column":4},"end":{"line":26,"column":null}}},"8":{"name":"(anonymous_8)","decl":{"start":{"line":27,"column":4},"end":{"line":27,"column":22}},"loc":{"start":{"line":27,"column":4},"end":{"line":27,"column":null}}},"9":{"name":"(anonymous_9)","decl":{"start":{"line":30,"column":9},"end":{"line":30,"column":24}},"loc":{"start":{"line":30,"column":9},"end":{"line":30,"column":26}}},"10":{"name":"(anonymous_10)","decl":{"start":{"line":30,"column":26},"end":{"line":30,"column":41}},"loc":{"start":{"line":30,"column":26},"end":{"line":30,"column":43}}},"11":{"name":"(anonymous_11)","decl":{"start":{"line":30,"column":43},"end":{"line":30,"column":53}},"loc":{"start":{"line":30,"column":43},"end":{"line":30,"column":55}}},"12":{"name":"(anonymous_12)","decl":{"start":{"line":30,"column":55},"end":{"line":30,"column":71}},"loc":{"start":{"line":30,"column":55},"end":{"line":30,"column":73}}},"13":{"name":"(anonymous_13)","decl":{"start":{"line":30,"column":73},"end":{"line":30,"column":88}},"loc":{"start":{"line":30,"column":73},"end":{"line":30,"column":114}}}},"branchMap":{},"s":{"0":2,"1":36,"2":36,"3":36,"4":36,"5":36,"6":2,"7":2,"8":36,"9":36,"10":36,"11":36,"12":36,"13":2,"14":2,"15":36,"16":2,"17":2,"18":7,"19":7,"20":6,"21":6,"22":6,"23":6,"24":2,"25":4,"26":4,"27":4,"28":4,"29":4},"f":{"0":36,"1":36,"2":36,"3":5,"4":5,"5":4,"6":4,"7":4,"8":4,"9":2,"10":2,"11":2,"12":2,"13":2},"b":{}}
,"/Users/Eduardo_Neto/training/node/nodejs-training/src/tests/helpers/user.helpers.ts": {"path":"/Users/Eduardo_Neto/training/node/nodejs-training/src/tests/helpers/user.helpers.ts","statementMap":{"0":{"start":{"line":2,"column":0},"end":{"line":2,"column":37}},"1":{"start":{"line":4,"column":0},"end":{"line":4,"column":42}},"2":{"start":{"line":5,"column":0},"end":{"line":5,"column":65}},"3":{"start":{"line":8,"column":0},"end":{"line":8,"column":59}},"4":{"start":{"line":9,"column":0},"end":{"line":9,"column":96}},"5":{"start":{"line":21,"column":0},"end":{"line":21,"column":62}},"6":{"start":{"line":23,"column":30},"end":{"line":79,"column":1}},"7":{"start":{"line":24,"column":16},"end":{"line":24,"column":29}},"8":{"start":{"line":25,"column":16},"end":{"line":25,"column":30}},"9":{"start":{"line":26,"column":17},"end":{"line":26,"column":27}},"10":{"start":{"line":28,"column":4},"end":{"line":32,"column":6}},"11":{"start":{"line":34,"column":36},"end":{"line":40,"column":6}},"12":{"start":{"line":42,"column":29},"end":{"line":47,"column":25}},"13":{"start":{"line":46,"column":70},"end":{"line":46,"column":80}},"14":{"start":{"line":49,"column":23},"end":{"line":52,"column":25}},"15":{"start":{"line":54,"column":26},"end":{"line":57,"column":32}},"16":{"start":{"line":59,"column":36},"end":{"line":61,"column":32}},"17":{"start":{"line":63,"column":24},"end":{"line":63,"column":101}},"18":{"start":{"line":65,"column":27},"end":{"line":65,"column":70}},"19":{"start":{"line":67,"column":4},"end":{"line":78,"column":6}},"20":{"start":{"line":23,"column":13},"end":{"line":23,"column":30}},"21":{"start":{"line":81,"column":29},"end":{"line":142,"column":1}},"22":{"start":{"line":82,"column":16},"end":{"line":82,"column":29}},"23":{"start":{"line":83,"column":16},"end":{"line":83,"column":30}},"24":{"start":{"line":84,"column":17},"end":{"line":84,"column":27}},"25":{"start":{"line":86,"column":4},"end":{"line":89,"column":6}},"26":{"start":{"line":91,"column":21},"end":{"line":98,"column":25}},"27":{"start":{"line":100,"column":35},"end":{"line":102,"column":27}},"28":{"start":{"line":104,"column":26},"end":{"line":106,"column":32}},"29":{"start":{"line":108,"column":29},"end":{"line":110,"column":25}},"30":{"start":{"line":112,"column":35},"end":{"line":114,"column":38}},"31":{"start":{"line":116,"column":36},"end":{"line":123,"column":32}},"32":{"start":{"line":125,"column":24},"end":{"line":125,"column":96}},"33":{"start":{"line":127,"column":27},"end":{"line":127,"column":70}},"34":{"start":{"line":129,"column":4},"end":{"line":141,"column":6}},"35":{"start":{"line":81,"column":13},"end":{"line":81,"column":29}},"36":{"start":{"line":144,"column":31},"end":{"line":197,"column":1}},"37":{"start":{"line":145,"column":16},"end":{"line":145,"column":29}},"38":{"start":{"line":146,"column":16},"end":{"line":146,"column":30}},"39":{"start":{"line":147,"column":17},"end":{"line":147,"column":27}},"40":{"start":{"line":149,"column":4},"end":{"line":149,"column":35}},"41":{"start":{"line":151,"column":21},"end":{"line":159,"column":25}},"42":{"start":{"line":165,"column":26},"end":{"line":173,"column":32}},"43":{"start":{"line":168,"column":12},"end":{"line":171,"column":14}},"44":{"start":{"line":170,"column":97},"end":{"line":170,"column":102}},"45":{"start":{"line":175,"column":29},"end":{"line":175,"column":50}},"46":{"start":{"line":177,"column":35},"end":{"line":177,"column":69}},"47":{"start":{"line":179,"column":36},"end":{"line":181,"column":32}},"48":{"start":{"line":183,"column":24},"end":{"line":183,"column":96}},"49":{"start":{"line":185,"column":27},"end":{"line":185,"column":70}},"50":{"start":{"line":187,"column":4},"end":{"line":196,"column":6}},"51":{"start":{"line":144,"column":13},"end":{"line":144,"column":31}},"52":{"start":{"line":199,"column":30},"end":{"line":265,"column":1}},"53":{"start":{"line":200,"column":16},"end":{"line":200,"column":29}},"54":{"start":{"line":201,"column":16},"end":{"line":201,"column":30}},"55":{"start":{"line":202,"column":17},"end":{"line":202,"column":27}},"56":{"start":{"line":204,"column":4},"end":{"line":204,"column":35}},"57":{"start":{"line":206,"column":4},"end":{"line":208,"column":6}},"58":{"start":{"line":210,"column":20},"end":{"line":213,"column":6}},"59":{"start":{"line":215,"column":21},"end":{"line":224,"column":25}},"60":{"start":{"line":235,"column":26},"end":{"line":240,"column":32}},"61":{"start":{"line":238,"column":12},"end":{"line":238,"column":70}},"62":{"start":{"line":242,"column":29},"end":{"line":242,"column":50}},"63":{"start":{"line":244,"column":35},"end":{"line":244,"column":69}},"64":{"start":{"line":246,"column":36},"end":{"line":248,"column":32}},"65":{"start":{"line":250,"column":24},"end":{"line":250,"column":96}},"66":{"start":{"line":252,"column":27},"end":{"line":252,"column":70}},"67":{"start":{"line":254,"column":4},"end":{"line":264,"column":6}},"68":{"start":{"line":199,"column":13},"end":{"line":199,"column":30}},"69":{"start":{"line":267,"column":30},"end":{"line":308,"column":1}},"70":{"start":{"line":268,"column":16},"end":{"line":268,"column":29}},"71":{"start":{"line":269,"column":16},"end":{"line":269,"column":30}},"72":{"start":{"line":270,"column":17},"end":{"line":270,"column":27}},"73":{"start":{"line":272,"column":4},"end":{"line":272,"column":35}},"74":{"start":{"line":280,"column":26},"end":{"line":285,"column":32}},"75":{"start":{"line":283,"column":12},"end":{"line":283,"column":46}},"76":{"start":{"line":287,"column":29},"end":{"line":287,"column":50}},"77":{"start":{"line":289,"column":35},"end":{"line":289,"column":69}},"78":{"start":{"line":291,"column":36},"end":{"line":293,"column":32}},"79":{"start":{"line":295,"column":24},"end":{"line":295,"column":96}},"80":{"start":{"line":297,"column":27},"end":{"line":297,"column":70}},"81":{"start":{"line":299,"column":4},"end":{"line":307,"column":6}},"82":{"start":{"line":267,"column":13},"end":{"line":267,"column":30}},"83":{"start":{"line":310,"column":34},"end":{"line":398,"column":1}},"84":{"start":{"line":311,"column":16},"end":{"line":311,"column":29}},"85":{"start":{"line":312,"column":16},"end":{"line":312,"column":30}},"86":{"start":{"line":313,"column":17},"end":{"line":313,"column":27}},"87":{"start":{"line":315,"column":4},"end":{"line":315,"column":31}},"88":{"start":{"line":316,"column":4},"end":{"line":316,"column":28}},"89":{"start":{"line":317,"column":4},"end":{"line":317,"column":26}},"90":{"start":{"line":319,"column":19},"end":{"line":323,"column":6}},"91":{"start":{"line":325,"column":19},"end":{"line":333,"column":24}},"92":{"start":{"line":334,"column":19},"end":{"line":342,"column":24}},"93":{"start":{"line":343,"column":19},"end":{"line":351,"column":24}},"94":{"start":{"line":353,"column":31},"end":{"line":366,"column":6}},"95":{"start":{"line":368,"column":26},"end":{"line":370,"column":32}},"96":{"start":{"line":372,"column":27},"end":{"line":372,"column":73}},"97":{"start":{"line":374,"column":29},"end":{"line":374,"column":50}},"98":{"start":{"line":376,"column":35},"end":{"line":376,"column":69}},"99":{"start":{"line":378,"column":36},"end":{"line":380,"column":32}},"100":{"start":{"line":382,"column":24},"end":{"line":382,"column":96}},"101":{"start":{"line":384,"column":27},"end":{"line":384,"column":70}},"102":{"start":{"line":386,"column":4},"end":{"line":397,"column":6}},"103":{"start":{"line":310,"column":13},"end":{"line":310,"column":34}}},"fnMap":{"0":{"name":"(anonymous_1)","decl":{"start":{"line":23,"column":30},"end":{"line":23,"column":61}},"loc":{"start":{"line":23,"column":63},"end":{"line":79,"column":1}}},"1":{"name":"(anonymous_2)","decl":{"start":{"line":46,"column":55},"end":{"line":46,"column":56}},"loc":{"start":{"line":46,"column":70},"end":{"line":46,"column":80}}},"2":{"name":"(anonymous_3)","decl":{"start":{"line":81,"column":29},"end":{"line":81,"column":59}},"loc":{"start":{"line":81,"column":61},"end":{"line":142,"column":1}}},"3":{"name":"(anonymous_4)","decl":{"start":{"line":144,"column":31},"end":{"line":144,"column":64}},"loc":{"start":{"line":144,"column":66},"end":{"line":197,"column":1}}},"4":{"name":"(anonymous_5)","decl":{"start":{"line":167,"column":47},"end":{"line":167,"column":48}},"loc":{"start":{"line":167,"column":90},"end":{"line":172,"column":9}}},"5":{"name":"(anonymous_6)","decl":{"start":{"line":170,"column":74},"end":{"line":170,"column":75}},"loc":{"start":{"line":170,"column":97},"end":{"line":170,"column":102}}},"6":{"name":"(anonymous_7)","decl":{"start":{"line":199,"column":30},"end":{"line":199,"column":61}},"loc":{"start":{"line":199,"column":63},"end":{"line":265,"column":1}}},"7":{"name":"(anonymous_8)","decl":{"start":{"line":237,"column":45},"end":{"line":237,"column":46}},"loc":{"start":{"line":237,"column":86},"end":{"line":239,"column":9}}},"8":{"name":"(anonymous_9)","decl":{"start":{"line":267,"column":30},"end":{"line":267,"column":61}},"loc":{"start":{"line":267,"column":63},"end":{"line":308,"column":1}}},"9":{"name":"(anonymous_10)","decl":{"start":{"line":282,"column":46},"end":{"line":282,"column":47}},"loc":{"start":{"line":282,"column":69},"end":{"line":284,"column":9}}},"10":{"name":"(anonymous_11)","decl":{"start":{"line":310,"column":34},"end":{"line":310,"column":69}},"loc":{"start":{"line":310,"column":71},"end":{"line":398,"column":1}}}},"branchMap":{"0":{"loc":{"start":{"line":170,"column":16},"end":{"line":170,"column":113}},"type":"binary-expr","locations":[{"start":{"line":170,"column":16},"end":{"line":170,"column":105}},{"start":{"line":170,"column":109},"end":{"line":170,"column":113}}]}},"s":{"0":2,"1":2,"2":2,"3":2,"4":2,"5":2,"6":2,"7":5,"8":5,"9":5,"10":5,"11":5,"12":5,"13":2,"14":5,"15":5,"16":5,"17":5,"18":5,"19":5,"20":2,"21":2,"22":5,"23":5,"24":5,"25":5,"26":5,"27":5,"28":5,"29":5,"30":5,"31":5,"32":5,"33":5,"34":5,"35":2,"36":2,"37":4,"38":4,"39":4,"40":4,"41":4,"42":4,"43":1,"44":1,"45":4,"46":4,"47":4,"48":4,"49":4,"50":4,"51":2,"52":2,"53":4,"54":4,"55":4,"56":4,"57":4,"58":4,"59":4,"60":4,"61":1,"62":4,"63":4,"64":4,"65":4,"66":4,"67":4,"68":2,"69":2,"70":4,"71":4,"72":4,"73":4,"74":4,"75":1,"76":4,"77":4,"78":4,"79":4,"80":4,"81":4,"82":2,"83":2,"84":4,"85":4,"86":4,"87":4,"88":4,"89":4,"90":4,"91":4,"92":4,"93":4,"94":4,"95":4,"96":4,"97":4,"98":4,"99":4,"100":4,"101":4,"102":4,"103":2},"f":{"0":5,"1":2,"2":5,"3":4,"4":1,"5":1,"6":4,"7":1,"8":4,"9":1,"10":4},"b":{"0":[1,0]}}
,"/Users/Eduardo_Neto/training/node/nodejs-training/src/utils/index.ts": {"path":"/Users/Eduardo_Neto/training/node/nodejs-training/src/utils/index.ts","statementMap":{"0":{"start":{"line":1,"column":0},"end":{"line":1,"column":20}},"1":{"start":{"line":10,"column":4},"end":{"line":1,"column":85}},"2":{"start":{"line":2,"column":0},"end":{"line":2,"column":20}},"3":{"start":{"line":11,"column":4},"end":{"line":2,"column":109}},"4":{"start":{"line":3,"column":0},"end":{"line":3,"column":20}},"5":{"start":{"line":12,"column":4},"end":{"line":3,"column":89}},"6":{"start":{"line":4,"column":0},"end":{"line":4,"column":20}},"7":{"start":{"line":13,"column":4},"end":{"line":4,"column":85}},"8":{"start":{"line":5,"column":0},"end":{"line":5,"column":20}},"9":{"start":{"line":14,"column":4},"end":{"line":5,"column":41}},"10":{"start":{"line":6,"column":0},"end":{"line":6,"column":9}},"11":{"start":{"line":15,"column":4},"end":{"line":6,"column":23}},"12":{"start":{"line":16,"column":4},"end":{"line":6,"column":67}},"13":{"start":{"line":7,"column":0},"end":{"line":7,"column":9}},"14":{"start":{"line":17,"column":4},"end":{"line":7,"column":49}}},"fnMap":{"0":{"name":"(anonymous_1)","decl":{"start":{"line":10,"column":4},"end":{"line":10,"column":30}},"loc":{"start":{"line":10,"column":4},"end":{"line":1,"column":85}}},"1":{"name":"(anonymous_2)","decl":{"start":{"line":11,"column":4},"end":{"line":11,"column":42}},"loc":{"start":{"line":11,"column":4},"end":{"line":2,"column":109}}},"2":{"name":"(anonymous_3)","decl":{"start":{"line":12,"column":4},"end":{"line":12,"column":32}},"loc":{"start":{"line":12,"column":4},"end":{"line":3,"column":89}}},"3":{"name":"(anonymous_4)","decl":{"start":{"line":13,"column":4},"end":{"line":13,"column":30}},"loc":{"start":{"line":13,"column":4},"end":{"line":4,"column":85}}},"4":{"name":"(anonymous_5)","decl":{"start":{"line":14,"column":4},"end":{"line":14,"column":8}},"loc":{"start":{"line":14,"column":4},"end":{"line":5,"column":41}}},"5":{"name":"(anonymous_6)","decl":{"start":{"line":15,"column":4},"end":{"line":15,"column":16}},"loc":{"start":{"line":15,"column":4},"end":{"line":6,"column":23}}},"6":{"name":"(anonymous_7)","decl":{"start":{"line":16,"column":4},"end":{"line":16,"column":19}},"loc":{"start":{"line":16,"column":4},"end":{"line":6,"column":67}}},"7":{"name":"(anonymous_8)","decl":{"start":{"line":17,"column":4},"end":{"line":17,"column":21}},"loc":{"start":{"line":17,"column":4},"end":{"line":7,"column":49}}}},"branchMap":{},"s":{"0":2,"1":7,"2":2,"3":2,"4":2,"5":2,"6":2,"7":2,"8":2,"9":7,"10":2,"11":11,"12":2,"13":2,"14":7},"f":{"0":5,"1":0,"2":0,"3":0,"4":5,"5":9,"6":0,"7":5},"b":{}}
}
