TN:
SF:src/entities/group/group.controller.ts
FN:23,(anonymous_7)
FN:41,(anonymous_8)
FN:52,(anonymous_9)
FN:69,(anonymous_10)
FN:81,(anonymous_11)
FN:92,(anonymous_12)
FN:28,(anonymous_13)
FNF:7
FNH:7
FNDA:10,(anonymous_7)
FNDA:2,(anonymous_8)
FNDA:2,(anonymous_9)
FNDA:2,(anonymous_10)
FNDA:2,(anonymous_11)
FNDA:2,(anonymous_12)
FNDA:10,(anonymous_13)
DA:1,2
DA:2,2
DA:3,2
DA:4,2
DA:7,2
DA:8,2
DA:9,2
DA:10,2
DA:14,2
DA:17,10
DA:18,10
DA:20,10
DA:24,10
DA:25,10
DA:29,10
DA:30,10
DA:31,10
DA:32,10
DA:38,10
DA:41,10
DA:42,2
DA:43,2
DA:44,2
DA:45,2
DA:46,2
DA:48,0
DA:52,10
DA:53,2
DA:54,2
DA:55,2
DA:61,2
DA:62,2
DA:63,2
DA:65,0
DA:69,10
DA:70,2
DA:71,2
DA:72,2
DA:73,2
DA:74,2
DA:75,2
DA:77,0
DA:81,10
DA:82,2
DA:83,2
DA:84,2
DA:85,2
DA:86,2
DA:88,0
DA:92,10
DA:93,2
DA:94,2
DA:95,2
DA:97,0
DA:102,2
LF:55
LH:50
BRDA:45,0,0,0
BRDA:62,1,0,0
BRDA:74,2,0,0
BRDA:85,3,0,0
BRF:4
BRH:0
end_of_record
TN:
SF:src/entities/group/group.model.ts
FNF:0
FNH:0
DA:1,2
DA:15,2
DA:18,2
DA:81,2
DA:86,2
LF:5
LH:5
BRF:0
BRH:0
end_of_record
TN:
SF:src/entities/group/group.service.ts
FN:10,(anonymous_1)
FN:14,(anonymous_2)
FN:26,(anonymous_3)
FN:38,(anonymous_4)
FN:51,(anonymous_5)
FN:66,(anonymous_6)
FNF:6
FNH:1
FNDA:10,(anonymous_1)
FNDA:0,(anonymous_2)
FNDA:0,(anonymous_3)
FNDA:0,(anonymous_4)
FNDA:0,(anonymous_5)
FNDA:0,(anonymous_6)
DA:2,2
DA:3,2
DA:11,10
DA:14,10
DA:15,0
DA:16,0
DA:17,0
DA:19,0
DA:20,0
DA:22,0
DA:26,10
DA:27,0
DA:28,0
DA:29,0
DA:31,0
DA:32,0
DA:34,0
DA:38,10
DA:39,0
DA:40,0
DA:41,0
DA:42,0
DA:44,0
DA:45,0
DA:47,0
DA:51,10
DA:52,0
DA:53,0
DA:54,0
DA:55,0
DA:57,0
DA:59,0
DA:60,0
DA:62,0
DA:66,10
DA:67,0
DA:68,0
DA:73,0
DA:75,0
DA:76,0
DA:78,0
DA:83,2
LF:42
LH:9
BRDA:19,0,0,0
BRDA:31,1,0,0
BRDA:44,2,0,0
BRDA:54,3,0,0
BRDA:59,4,0,0
BRDA:75,5,0,0
BRF:6
BRH:0
end_of_record
TN:
SF:src/entities/user/user.controller.ts
FN:23,(anonymous_7)
FN:42,(anonymous_8)
FN:60,(anonymous_9)
FN:74,(anonymous_10)
FN:94,(anonymous_11)
FN:109,(anonymous_12)
FN:123,(anonymous_13)
FN:28,(anonymous_14)
FNF:8
FNH:8
FNDA:26,(anonymous_7)
FNDA:3,(anonymous_8)
FNDA:3,(anonymous_9)
FNDA:3,(anonymous_10)
FNDA:3,(anonymous_11)
FNDA:3,(anonymous_12)
FNDA:3,(anonymous_13)
FNDA:26,(anonymous_14)
DA:1,2
DA:2,2
DA:3,2
DA:4,2
DA:7,2
DA:8,2
DA:9,2
DA:10,2
DA:14,2
DA:17,26
DA:18,26
DA:20,26
DA:24,26
DA:25,26
DA:29,26
DA:30,26
DA:31,26
DA:32,26
DA:33,26
DA:39,26
DA:42,26
DA:43,3
DA:44,3
DA:45,3
DA:46,3
DA:47,3
DA:48,0
DA:50,3
DA:51,3
DA:53,0
DA:54,0
DA:56,0
DA:60,26
DA:61,3
DA:62,3
DA:63,3
DA:64,3
DA:65,3
DA:67,0
DA:68,0
DA:70,0
DA:74,26
DA:75,3
DA:76,3
DA:77,3
DA:84,3
DA:85,3
DA:87,0
DA:88,0
DA:90,0
DA:94,26
DA:95,3
DA:96,3
DA:97,3
DA:98,3
DA:99,3
DA:100,3
DA:102,0
DA:103,0
DA:105,0
DA:109,26
DA:110,3
DA:111,3
DA:112,3
DA:113,3
DA:114,3
DA:116,0
DA:117,0
DA:119,0
DA:123,26
DA:124,3
DA:125,3
DA:126,3
DA:127,3
DA:129,3
DA:134,3
DA:135,3
DA:136,3
DA:138,0
DA:139,0
DA:141,0
DA:146,2
LF:82
LH:63
BRDA:47,0,0,0
BRDA:53,1,0,0
BRDA:64,2,0,0
BRDA:67,3,0,0
BRDA:87,4,0,0
BRDA:99,5,0,0
BRDA:102,6,0,0
BRDA:116,7,0,0
BRDA:126,8,0,3
BRDA:138,9,0,0
BRF:10
BRH:1
end_of_record
TN:
SF:src/entities/user/user.service.ts
FN:18,(anonymous_1)
FN:24,(anonymous_2)
FN:36,(anonymous_3)
FN:53,(anonymous_4)
FN:82,(anonymous_5)
FN:88,(anonymous_6)
FN:89,(anonymous_7)
FN:91,(anonymous_8)
FN:117,(anonymous_9)
FN:129,(anonymous_10)
FN:145,(anonymous_11)
FN:150,(anonymous_12)
FNF:12
FNH:11
FNDA:26,(anonymous_1)
FNDA:0,(anonymous_2)
FNDA:1,(anonymous_3)
FNDA:2,(anonymous_4)
FNDA:2,(anonymous_5)
FNDA:2,(anonymous_6)
FNDA:2,(anonymous_7)
FNDA:2,(anonymous_8)
FNDA:1,(anonymous_9)
FNDA:1,(anonymous_10)
FNDA:1,(anonymous_11)
FNDA:3,(anonymous_12)
DA:1,2
DA:3,2
DA:4,2
DA:5,2
DA:7,2
DA:8,2
DA:19,26
DA:20,26
DA:21,26
DA:24,26
DA:25,0
DA:26,0
DA:27,0
DA:29,0
DA:30,0
DA:32,0
DA:36,26
DA:37,1
DA:38,1
DA:41,1
DA:42,0
DA:44,1
DA:46,0
DA:47,0
DA:49,0
DA:53,26
DA:54,2
DA:55,2
DA:56,2
DA:57,2
DA:58,0
DA:59,0
DA:64,2
DA:65,2
DA:69,2
DA:70,2
DA:71,2
DA:72,2
DA:73,2
DA:75,0
DA:76,0
DA:78,0
DA:82,26
DA:83,2
DA:84,2
DA:85,2
DA:86,0
DA:88,2
DA:89,2
DA:90,2
DA:91,2
DA:92,2
DA:93,2
DA:102,2
DA:103,2
DA:108,0
DA:109,0
DA:110,0
DA:112,0
DA:113,0
DA:117,26
DA:118,1
DA:119,1
DA:120,1
DA:122,0
DA:123,0
DA:125,0
DA:129,26
DA:130,1
DA:131,1
DA:136,1
DA:138,0
DA:139,0
DA:141,0
DA:145,26
DA:146,1
DA:147,1
DA:150,3
DA:151,1
DA:152,1
DA:154,0
DA:155,0
DA:157,0
DA:162,2
LF:84
LH:54
BRDA:29,0,0,0
BRDA:41,1,0,0
BRDA:41,2,0,1
BRDA:41,2,1,1
BRDA:46,3,0,0
BRDA:57,4,0,0
BRDA:75,5,0,0
BRDA:85,6,0,0
BRDA:85,7,0,2
BRDA:85,7,1,2
BRDA:90,8,0,0
BRDA:108,9,0,0
BRDA:120,10,0,0
BRDA:120,10,1,1
BRDA:122,11,0,0
BRDA:138,12,0,0
BRDA:154,13,0,0
BRF:17
BRH:5
end_of_record
TN:
SF:src/tests/helpers/group.helpers.ts
FN:11,createInstance
FN:15,(anonymous_2)
FN:36,(anonymous_3)
FN:71,(anonymous_4)
FN:111,(anonymous_5)
FN:145,(anonymous_6)
FN:171,(anonymous_7)
FN:186,(anonymous_8)
FN:210,(anonymous_9)
FNF:9
FNH:5
FNDA:0,createInstance
FNDA:2,(anonymous_2)
FNDA:0,(anonymous_3)
FNDA:2,(anonymous_4)
FNDA:2,(anonymous_5)
FNDA:0,(anonymous_6)
FNDA:2,(anonymous_7)
FNDA:0,(anonymous_8)
FNDA:2,(anonymous_9)
DA:5,2
DA:6,2
DA:9,2
DA:11,2
DA:12,0
DA:15,2
DA:16,2
DA:17,2
DA:18,2
DA:20,2
DA:25,2
DA:32,2
DA:36,0
DA:39,2
DA:44,2
DA:49,2
DA:53,2
DA:55,2
DA:57,2
DA:71,2
DA:72,2
DA:73,2
DA:74,2
DA:76,2
DA:78,2
DA:86,2
DA:91,2
DA:95,2
DA:97,2
DA:99,2
DA:111,2
DA:112,2
DA:113,2
DA:114,2
DA:116,2
DA:118,2
DA:122,2
DA:127,2
DA:143,2
DA:146,0
DA:150,2
DA:154,2
DA:156,2
DA:158,2
DA:171,2
DA:172,2
DA:173,2
DA:174,2
DA:176,2
DA:184,2
DA:187,0
DA:191,2
DA:195,2
DA:197,2
DA:199,2
DA:210,2
DA:211,2
DA:212,2
DA:213,2
DA:215,2
DA:222,2
DA:229,2
DA:237,2
DA:252,2
DA:256,2
DA:260,2
DA:262,2
DA:264,2
LF:68
LH:64
BRF:0
BRH:0
end_of_record
TN:
SF:src/tests/helpers/index.ts
FN:3,(anonymous_0)
FN:11,(anonymous_1)
FN:19,(anonymous_2)
FN:22,(anonymous_3)
FN:23,(anonymous_4)
FN:24,(anonymous_5)
FN:25,(anonymous_6)
FN:26,(anonymous_7)
FN:27,(anonymous_8)
FN:30,(anonymous_9)
FN:30,(anonymous_10)
FN:30,(anonymous_11)
FN:30,(anonymous_12)
FN:30,(anonymous_13)
FNF:14
FNH:14
FNDA:36,(anonymous_0)
FNDA:36,(anonymous_1)
FNDA:36,(anonymous_2)
FNDA:5,(anonymous_3)
FNDA:5,(anonymous_4)
FNDA:4,(anonymous_5)
FNDA:4,(anonymous_6)
FNDA:4,(anonymous_7)
FNDA:4,(anonymous_8)
FNDA:2,(anonymous_9)
FNDA:2,(anonymous_10)
FNDA:2,(anonymous_11)
FNDA:2,(anonymous_12)
FNDA:2,(anonymous_13)
DA:3,2
DA:4,36
DA:5,36
DA:6,36
DA:7,36
DA:8,36
DA:11,2
DA:12,36
DA:13,36
DA:14,36
DA:15,36
DA:16,36
DA:19,36
DA:21,2
DA:22,7
DA:23,7
DA:24,6
DA:25,6
DA:26,6
DA:27,6
DA:30,4
LF:21
LH:21
BRF:0
BRH:0
end_of_record
TN:
SF:src/tests/helpers/user.helpers.ts
FN:23,(anonymous_1)
FN:46,(anonymous_2)
FN:81,(anonymous_3)
FN:144,(anonymous_4)
FN:167,(anonymous_5)
FN:170,(anonymous_6)
FN:199,(anonymous_7)
FN:237,(anonymous_8)
FN:267,(anonymous_9)
FN:282,(anonymous_10)
FN:310,(anonymous_11)
FNF:11
FNH:11
FNDA:5,(anonymous_1)
FNDA:2,(anonymous_2)
FNDA:5,(anonymous_3)
FNDA:4,(anonymous_4)
FNDA:1,(anonymous_5)
FNDA:1,(anonymous_6)
FNDA:4,(anonymous_7)
FNDA:1,(anonymous_8)
FNDA:4,(anonymous_9)
FNDA:1,(anonymous_10)
FNDA:4,(anonymous_11)
DA:2,2
DA:4,2
DA:5,2
DA:8,2
DA:9,2
DA:21,2
DA:23,2
DA:24,5
DA:25,5
DA:26,5
DA:28,5
DA:34,5
DA:42,5
DA:46,2
DA:49,5
DA:54,5
DA:59,5
DA:63,5
DA:65,5
DA:67,5
DA:81,2
DA:82,5
DA:83,5
DA:84,5
DA:86,5
DA:91,5
DA:100,5
DA:104,5
DA:108,5
DA:112,5
DA:116,5
DA:125,5
DA:127,5
DA:129,5
DA:144,2
DA:145,4
DA:146,4
DA:147,4
DA:149,4
DA:151,4
DA:165,4
DA:168,1
DA:170,1
DA:175,4
DA:177,4
DA:179,4
DA:183,4
DA:185,4
DA:187,4
DA:199,2
DA:200,4
DA:201,4
DA:202,4
DA:204,4
DA:206,4
DA:210,4
DA:215,4
DA:235,4
DA:238,1
DA:242,4
DA:244,4
DA:246,4
DA:250,4
DA:252,4
DA:254,4
DA:267,2
DA:268,4
DA:269,4
DA:270,4
DA:272,4
DA:280,4
DA:283,1
DA:287,4
DA:289,4
DA:291,4
DA:295,4
DA:297,4
DA:299,4
DA:310,2
DA:311,4
DA:312,4
DA:313,4
DA:315,4
DA:316,4
DA:317,4
DA:319,4
DA:325,4
DA:334,4
DA:343,4
DA:353,4
DA:368,4
DA:372,4
DA:374,4
DA:376,4
DA:378,4
DA:382,4
DA:384,4
DA:386,4
LF:98
LH:98
BRDA:170,0,0,1
BRDA:170,0,1,0
BRF:2
BRH:1
end_of_record
TN:
SF:src/utils/index.ts
FN:10,(anonymous_1)
FN:11,(anonymous_2)
FN:12,(anonymous_3)
FN:13,(anonymous_4)
FN:14,(anonymous_5)
FN:15,(anonymous_6)
FN:16,(anonymous_7)
FN:17,(anonymous_8)
FNF:8
FNH:4
FNDA:5,(anonymous_1)
FNDA:0,(anonymous_2)
FNDA:0,(anonymous_3)
FNDA:0,(anonymous_4)
FNDA:5,(anonymous_5)
FNDA:9,(anonymous_6)
FNDA:0,(anonymous_7)
FNDA:5,(anonymous_8)
DA:1,2
DA:2,2
DA:3,2
DA:4,2
DA:5,2
DA:6,2
DA:7,2
DA:10,7
DA:11,2
DA:12,2
DA:13,2
DA:14,7
DA:15,11
DA:16,2
DA:17,7
LF:15
LH:15
BRF:0
BRH:0
end_of_record
